<?xml version="1.0" encoding="UTF-8"?>
<!-- Generated by org.testng.reporters.JUnitReportReporter -->
<testsuite hostname="3I-PC0CF90C" failures="0" tests="1" name="Stepdefination.TC01_SignUp_With_New_Customer" time="39.033" errors="0" timestamp="2023-10-06T10:33:39 IST" skipped="0">
  <testcase classname="Stepdefination.TC01_SignUp_With_New_Customer" name="signUp" time="39.033"/>
</testsuite> <!-- Stepdefination.TC01_SignUp_With_New_Customer -->
